<?xml version="1.0" encoding="UTF-8"?>
<!-- Generated by org.testng.reporters.JUnitReportReporter -->
<testsuite skipped="0" hostname="ramsunkara" name="PageVlidations.AppTest" tests="1" failures="0" timestamp="06 Nov 2019 09:26:23 GMT" time="175.818" errors="0">
  <testcase name="verifyEmpReg" time="175.818" classname="PageVlidations.AppTest"/>
</testsuite> <!-- PageVlidations.AppTest -->
