<?xml version="1.0" encoding="UTF-8"?>
<!-- Generated by org.testng.reporters.JUnitReportReporter -->
<testsuite skipped="0" hostname="ramsunkara" name="PageVlidations.PrimusTest" tests="3" failures="0" timestamp="24 Nov 2019 14:42:02 GMT" time="40.065" errors="0">
  <testcase name="test2" time="14.473" classname="PageVlidations.PrimusTest"/>
  <testcase name="test2" time="15.592" classname="PageVlidations.PrimusTest"/>
  <testcase name="test2" time="10.000" classname="PageVlidations.PrimusTest"/>
</testsuite> <!-- PageVlidations.PrimusTest -->
