<?xml version="1.0" encoding="UTF-8"?>
<!-- Generated by org.testng.reporters.JUnitReportReporter -->
<testsuite skipped="0" hostname="ramsunkara" name="PageVlidations.OrangeTest" tests="3" failures="0" timestamp="24 Nov 2019 14:42:02 GMT" time="49.703" errors="0">
  <testcase name="test1" time="13.932" classname="PageVlidations.OrangeTest"/>
  <testcase name="test1" time="19.905" classname="PageVlidations.OrangeTest"/>
  <testcase name="test1" time="15.866" classname="PageVlidations.OrangeTest"/>
</testsuite> <!-- PageVlidations.OrangeTest -->
