<?xml version="1.0" encoding="UTF-8"?>
<!-- Generated by org.testng.reporters.JUnitReportReporter -->
<testsuite skipped="0" hostname="ramsunkara" name="PageVlidations.TestDemo" tests="1" failures="0" timestamp="30 Dec 2019 12:23:48 GMT" time="46.963" errors="0">
  <testcase name="test1" time="46.963" classname="PageVlidations.TestDemo"/>
</testsuite> <!-- PageVlidations.TestDemo -->
