<?xml version="1.0" encoding="UTF-8"?>
<!-- Generated by org.testng.reporters.JUnitReportReporter -->
<testsuite skipped="0" hostname="ramsunkara" name="Legato.StaticFinal" tests="2" failures="0" timestamp="09 Nov 2020 13:03:59 GMT" time="0.058" errors="0">
  <testcase name="main1" time="0.006" classname="Legato.StaticFinal"/>
  <testcase name="main" time="0.052" classname="Legato.StaticFinal"/>
</testsuite> <!-- Legato.StaticFinal -->
