<?xml version="1.0" encoding="UTF-8"?>
<!-- Generated by org.testng.reporters.JUnitReportReporter -->
<testsuite skipped="0" hostname="ramsunkara" name="TestiNGExamples.TestDatabase" tests="4" failures="0" timestamp="10 Aug 2019 13:51:32 GMT" time="0.023" errors="0">
  <testcase name="testConnectMsSQL" time="0.003" classname="TestiNGExamples.TestDatabase"/>
  <testcase name="testConnectDB" time="0.013" classname="TestiNGExamples.TestDatabase"/>
  <testcase name="testConnectOracle" time="0.002" classname="TestiNGExamples.TestDatabase"/>
  <testcase name="testConnectMongoDB" time="0.005" classname="TestiNGExamples.TestDatabase"/>
</testsuite> <!-- TestiNGExamples.TestDatabase -->
