<?xml version="1.0" encoding="UTF-8"?>
<!-- Generated by org.testng.reporters.JUnitReportReporter -->
<testsuite skipped="0" hostname="ramsunkara" name="CGI.Priority" tests="2" failures="0" timestamp="21 Aug 2020 14:02:01 GMT" time="0.034" errors="0">
  <testcase name="ACD" time="0.034" classname="CGI.Priority"/>
  <testcase name="ACB" time="0.000" classname="CGI.Priority"/>
</testsuite> <!-- CGI.Priority -->
