<?xml version="1.0" encoding="UTF-8"?>
<!-- Generated by org.testng.reporters.JUnitReportReporter -->
<testsuite skipped="0" hostname="ramsunkara" name="Legato.StaticFinal" tests="2" failures="0" timestamp="22 Jan 2020 04:43:44 GMT" time="0.016" errors="0">
  <testcase name="main1" time="0.000" classname="Legato.StaticFinal"/>
  <testcase name="main" time="0.016" classname="Legato.StaticFinal"/>
</testsuite> <!-- Legato.StaticFinal -->
