<?xml version="1.0" encoding="UTF-8"?>
<!-- Generated by org.testng.reporters.JUnitReportReporter -->
<testsuite skipped="0" hostname="ramsunkara" name="SourabhTiwari.InvocationTest" tests="9" failures="0" timestamp="22 Oct 2019 04:16:03 GMT" time="0.095" errors="0">
  <testcase name="loadTestThisWebsite" time="0.003" classname="SourabhTiwari.InvocationTest"/>
  <testcase name="loadTestThisWebsite" time="0.025" classname="SourabhTiwari.InvocationTest"/>
  <testcase name="loadTestThisWebsite" time="0.005" classname="SourabhTiwari.InvocationTest"/>
  <testcase name="loadTestThisWebsite" time="0.025" classname="SourabhTiwari.InvocationTest"/>
  <testcase name="loadTestThisWebsite" time="0.004" classname="SourabhTiwari.InvocationTest"/>
  <testcase name="loadTestThisWebsite" time="0.002" classname="SourabhTiwari.InvocationTest"/>
  <testcase name="loadTestThisWebsite" time="0.025" classname="SourabhTiwari.InvocationTest"/>
  <testcase name="loadTestThisWebsite" time="0.002" classname="SourabhTiwari.InvocationTest"/>
  <testcase name="loadTestThisWebsite" time="0.004" classname="SourabhTiwari.InvocationTest"/>
</testsuite> <!-- SourabhTiwari.InvocationTest -->
