<?xml version="1.0" encoding="UTF-8"?>
<!-- Generated by org.testng.reporters.JUnitReportReporter -->
<testsuite skipped="0" hostname="ramsunkara" name="StringPrograms.Anagrams" tests="1" failures="0" timestamp="08 Nov 2020 02:21:25 GMT" time="0.015" errors="0">
  <testcase name="checkArraysMethod" time="0.015" classname="StringPrograms.Anagrams"/>
</testsuite> <!-- StringPrograms.Anagrams -->
