<?xml version="1.0" encoding="UTF-8"?>
<!-- Generated by org.testng.reporters.JUnitReportReporter -->
<testsuite skipped="0" hostname="ramsunkara" name="SurenPrograms.AbstractDemo" tests="1" failures="0" timestamp="19 Oct 2020 09:48:38 GMT" time="0.047" errors="0">
  <testcase name="sample" time="0.047" classname="SurenPrograms.AbstractDemo"/>
</testsuite> <!-- SurenPrograms.AbstractDemo -->
