<?xml version="1.0" encoding="UTF-8"?>
<!-- Generated by org.testng.reporters.JUnitReportReporter -->
<testsuite skipped="0" hostname="ramsunkara" name="PageVlidations.AppTest" tests="1" failures="0" timestamp="18 Jul 2019 10:07:36 GMT" time="101.505" errors="0">
  <testcase name="verifyEmpReg" time="101.505" classname="PageVlidations.AppTest"/>
</testsuite> <!-- PageVlidations.AppTest -->
