<?xml version="1.0" encoding="UTF-8"?>
<!-- Generated by org.testng.reporters.JUnitReportReporter -->
<testsuite skipped="0" hostname="ramsunkara" name="PageVlidations.AppTest" tests="1" failures="0" timestamp="11 Nov 2019 06:33:02 GMT" time="182.330" errors="0">
  <testcase name="verifyEmpReg" time="182.330" classname="PageVlidations.AppTest"/>
</testsuite> <!-- PageVlidations.AppTest -->
